<?xml version="1.0" encoding="UTF-8"?>
<testsuite name="com.example.intr_pr5.IntrPr5ApplicationTests" tests="1" skipped="0" failures="0" errors="0" timestamp="2024-10-02T09:31:24" hostname="AFERIST" time="0.63">
  <properties/>
  <testcase name="contextLoads()" classname="com.example.intr_pr5.IntrPr5ApplicationTests" time="0.63"/>
  <system-out><![CDATA[12:31:19.916 [Test worker] INFO org.springframework.test.context.support.AnnotationConfigContextLoaderUtils -- Could not detect default configuration classes for test class [com.example.intr_pr5.IntrPr5ApplicationTests]: IntrPr5ApplicationTests does not declare any static, non-private, non-final, nested classes annotated with @Configuration.
12:31:20.025 [Test worker] INFO org.springframework.boot.test.context.SpringBootTestContextBootstrapper -- Found @SpringBootConfiguration com.example.intr_pr5.IntrPr5Application for test class com.example.intr_pr5.IntrPr5ApplicationTests

  .   ____          _            __ _ _
 /\\ / ___'_ __ _ _(_)_ __  __ _ \ \ \ \
( ( )\___ | '_ | '_| | '_ \/ _` | \ \ \ \
 \\/  ___)| |_)| | | | | || (_| |  ) ) ) )
  '  |____| .__|_| |_|_| |_\__, | / / / /
 =========|_|==============|___/=/_/_/_/

 :: Spring Boot ::                (v3.3.4)

2024-10-02T12:31:20.438+03:00  INFO 6184 --- [intr_pr5] [    Test worker] c.e.intr_pr5.IntrPr5ApplicationTests     : Starting IntrPr5ApplicationTests using Java 23 with PID 6184 (started by brota in C:\Users\brota\IdeaProjects\intr_pr5)
2024-10-02T12:31:20.438+03:00  INFO 6184 --- [intr_pr5] [    Test worker] c.e.intr_pr5.IntrPr5ApplicationTests     : No active profile set, falling back to 1 default profile: "default"
2024-10-02T12:31:21.481+03:00  INFO 6184 --- [intr_pr5] [    Test worker] .s.d.r.c.RepositoryConfigurationDelegate : Bootstrapping Spring Data JPA repositories in DEFAULT mode.
2024-10-02T12:31:21.566+03:00  INFO 6184 --- [intr_pr5] [    Test worker] .s.d.r.c.RepositoryConfigurationDelegate : Finished Spring Data repository scanning in 62 ms. Found 1 JPA repository interface.
2024-10-02T12:31:22.059+03:00  INFO 6184 --- [intr_pr5] [    Test worker] com.zaxxer.hikari.HikariDataSource       : HikariPool-1 - Starting...
2024-10-02T12:31:22.253+03:00  INFO 6184 --- [intr_pr5] [    Test worker] com.zaxxer.hikari.pool.HikariPool        : HikariPool-1 - Added connection conn0: url=jdbc:h2:mem:0aa61dcb-ab5d-437a-8d85-598e989d440d user=SA
2024-10-02T12:31:22.253+03:00  INFO 6184 --- [intr_pr5] [    Test worker] com.zaxxer.hikari.HikariDataSource       : HikariPool-1 - Start completed.
2024-10-02T12:31:22.332+03:00  INFO 6184 --- [intr_pr5] [    Test worker] o.hibernate.jpa.internal.util.LogHelper  : HHH000204: Processing PersistenceUnitInfo [name: default]
2024-10-02T12:31:22.379+03:00  INFO 6184 --- [intr_pr5] [    Test worker] org.hibernate.Version                    : HHH000412: Hibernate ORM core version 6.5.3.Final
2024-10-02T12:31:22.427+03:00  INFO 6184 --- [intr_pr5] [    Test worker] o.h.c.internal.RegionFactoryInitiator    : HHH000026: Second-level cache disabled
2024-10-02T12:31:22.823+03:00  INFO 6184 --- [intr_pr5] [    Test worker] o.s.o.j.p.SpringPersistenceUnitInfo      : No LoadTimeWeaver setup: ignoring JPA class transformer
2024-10-02T12:31:23.688+03:00  INFO 6184 --- [intr_pr5] [    Test worker] o.h.e.t.j.p.i.JtaPlatformInitiator       : HHH000489: No JTA platform available (set 'hibernate.transaction.jta.platform' to enable JTA platform integration)
2024-10-02T12:31:23.766+03:00  INFO 6184 --- [intr_pr5] [    Test worker] j.LocalContainerEntityManagerFactoryBean : Initialized JPA EntityManagerFactory for persistence unit 'default'
2024-10-02T12:31:24.270+03:00  WARN 6184 --- [intr_pr5] [    Test worker] JpaBaseConfiguration$JpaWebConfiguration : spring.jpa.open-in-view is enabled by default. Therefore, database queries may be performed during view rendering. Explicitly configure spring.jpa.open-in-view to disable this warning
2024-10-02T12:31:24.691+03:00  INFO 6184 --- [intr_pr5] [    Test worker] c.e.intr_pr5.IntrPr5ApplicationTests     : Started IntrPr5ApplicationTests in 4.495 seconds (process running for 5.983)
]]></system-out>
  <system-err><![CDATA[WARNING: A Java agent has been loaded dynamically (C:\Users\brota\.gradle\caches\modules-2\files-2.1\net.bytebuddy\byte-buddy-agent\1.14.19\154da3a65b4f4a909d3e5bdec55d1b2b4cbb6ce1\byte-buddy-agent-1.14.19.jar)
WARNING: If a serviceability tool is in use, please run with -XX:+EnableDynamicAgentLoading to hide this warning
WARNING: If a serviceability tool is not in use, please run with -Djdk.instrument.traceUsage for more information
WARNING: Dynamic loading of agents will be disallowed by default in a future release
]]></system-err>
</testsuite>
